<?xml version="1.0" encoding="UTF-8"?>
<testng-results skipped="0" failed="0" total="1" passed="1">
  <reporter-output>
  </reporter-output>
  <suite name="PlayAround" duration-ms="37" started-at="2016-09-08T09:30:57Z" finished-at="2016-09-08T09:30:57Z">
    <groups>
    </groups>
    <test name="Testing1" duration-ms="37" started-at="2016-09-08T09:30:57Z" finished-at="2016-09-08T09:30:57Z">
      <class name="playAround.PlayAround_WebDriver">
        <test-method status="PASS" signature="Test()[pri:0, instance:playAround.PlayAround_WebDriver@72b6cbcc]" name="Test" duration-ms="15" started-at="2016-09-08T15:00:57Z" finished-at="2016-09-08T15:00:57Z">
          <reporter-output>
          </reporter-output>
        </test-method> <!-- Test -->
      </class> <!-- playAround.PlayAround_WebDriver -->
    </test> <!-- Testing1 -->
  </suite> <!-- PlayAround -->
</testng-results>
